<?xml version="1.0" encoding="UTF-8"?>
<testsuite name="assignment1.TestStudent" tests="1" skipped="0" failures="0" errors="0" timestamp="2022-10-15T14:23:17" hostname="LAPTOP-GRAINNE-" time="0.022">
  <properties/>
  <testcase name="testCreateUsername()" classname="assignment1.TestStudent" time="0.022"/>
  <system-out><![CDATA[]]></system-out>
  <system-err><![CDATA[]]></system-err>
</testsuite>
