<?xml version="1.0" encoding="UTF-8"?>
<testsuite name="org.assignment1.TestStudent" tests="2" skipped="0" failures="0" errors="0" timestamp="2022-10-23T21:45:31" hostname="LAPTOP-GRAINNE-" time="0.024">
  <properties/>
  <testcase name="testCreateStudentUsername()" classname="org.assignment1.TestStudent" time="0.022"/>
  <testcase name="testCreateLecturerUserName()" classname="org.assignment1.TestStudent" time="0.001"/>
  <system-out><![CDATA[]]></system-out>
  <system-err><![CDATA[]]></system-err>
</testsuite>
